info it worked if it ends with ok
verbose cli [ 'node', '/usr/local/bin/npm', 'install', 'fs' ]
info using npm@1.1.12
info using node@v0.6.0
verbose config file /home/vagrant/.npmrc
verbose config file /usr/local/etc/npmrc
verbose config file /usr/local/lib/node_modules/npm/npmrc
verbose caching /home/vagrant/app/lab3/package.json
verbose loadDefaults application-name@0.0.1
verbose caching /home/vagrant/app/lab3/node_modules/ejs/package.json
verbose caching /home/vagrant/app/lab3/node_modules/jade/package.json
verbose caching /home/vagrant/app/lab3/node_modules/socket.io/package.json
verbose caching /home/vagrant/app/lab3/node_modules/express/package.json
verbose from cache /home/vagrant/app/lab3/package.json
verbose readDependencies: using package.json deps
verbose cache add [ 'fs', null ]
silly cache add: name, spec, args [ undefined, 'fs', [ 'fs', null ] ]
verbose parsed url { pathname: 'fs', path: 'fs', href: 'fs' }
verbose addNamed [ 'fs', '' ]
verbose addNamed [ null, '' ]
silly name, range, hasData [ 'fs', '', false ]
verbose raw, before any munging fs
verbose url resolving [ 'https://registry.npmjs.org/', './fs' ]
verbose url resolved https://registry.npmjs.org/fs
http GET https://registry.npmjs.org/fs
http 404 https://registry.npmjs.org/fs
silly get cb [ 404,
silly get cb   { server: 'CouchDB/1.2.0 (Erlang OTP/R15B)',
silly get cb     date: 'Mon, 26 Mar 2012 20:15:43 GMT',
silly get cb     'content-type': 'application/json',
silly get cb     'content-length': '52',
silly get cb     'cache-control': 'must-revalidate' } ]
ERR! 404 'fs' is not in the npm registry.
ERR! 404 You should bug the author to publish it
ERR! 404 Note that you can also install from a
ERR! 404 tarball, folder, or http url, or git url.
ERR! 
ERR! System Linux 2.6.32-33-generic
ERR! command "node" "/usr/local/bin/npm" "install" "fs"
ERR! cwd /home/vagrant/app/lab3
ERR! node -v v0.6.0
ERR! npm -v 1.1.12
ERR! code E404
ERR! message 404 Not Found: fs
ERR! errno {}
verbose exit [ 1, true ]
